<?xml version="1.0" encoding="UTF-8"?>
<!-- Generated by org.testng.reporters.JUnitReportReporter -->
<testsuite ignored="4" hostname="Johandre-i3" failures="0" tests="1" name="automationFramework.FirstTestCase" time="127.585" errors="0" timestamp="10 Jan 2019 09:45:09 GMT" skipped="0">
  <testcase classname="automationFramework.FirstTestCase" name="testFull" time="127.585"/>
  <testcase classname="automationFramework.FirstTestCase" name="testLogin">
    <skipped/>
  </testcase> <!-- testLogin -->
  <testcase classname="automationFramework.FirstTestCase" name="testAddUser">
    <skipped/>
  </testcase> <!-- testAddUser -->
  <testcase classname="automationFramework.FirstTestCase" name="testUserRegistion">
    <skipped/>
  </testcase> <!-- testUserRegistion -->
  <testcase classname="automationFramework.FirstTestCase" name="testResetDB">
    <skipped/>
  </testcase> <!-- testResetDB -->
</testsuite> <!-- automationFramework.FirstTestCase -->
