<?xml version="1.0" encoding="UTF-8"?>
<!-- Generated by org.testng.reporters.JUnitReportReporter -->
<testsuite ignored="5" hostname="Johandre-i3" failures="0" tests="1" name="automationFramework.FirstTestCase" time="76.317" errors="0" timestamp="10 Jan 2019 13:44:40 GMT" skipped="0">
  <testcase classname="automationFramework.FirstTestCase" name="testGithub" time="76.317"/>
  <testcase classname="automationFramework.FirstTestCase" name="testLogin">
    <skipped/>
  </testcase> <!-- testLogin -->
  <testcase classname="automationFramework.FirstTestCase" name="testAddUser">
    <skipped/>
  </testcase> <!-- testAddUser -->
  <testcase classname="automationFramework.FirstTestCase" name="testFull">
    <skipped/>
  </testcase> <!-- testFull -->
  <testcase classname="automationFramework.FirstTestCase" name="testUserRegistion">
    <skipped/>
  </testcase> <!-- testUserRegistion -->
  <testcase classname="automationFramework.FirstTestCase" name="testResetDB">
    <skipped/>
  </testcase> <!-- testResetDB -->
</testsuite> <!-- automationFramework.FirstTestCase -->
